DATE: 2011-02-18 DATE: 2010-11-03 DATE: 2010-02-19 CONTRIBUTOR: Aidan Thompson, athomps@sandia.gov CITATION: Chenoweth, van Duin and Goddard, J Phys Chem A, 112, 1040-1053 (2008) COMMENT: Reactive MD-force field c/h/o combustion force field: Chenoweth, K.; van Duin, A.C.T.; Goddard, W.A. J. Phys. Chem. A 2008, 112, 1040-1053.

 39       ! Number of general parameters
   50.0000 !p(boc1)
    9.5469 !p(boc2)
   26.5405 !p(coa2)
    1.5105 !p(trip4)
    6.6630 !p(trip3)
   70.0000 !kc2
    1.0588 !p(ovun6)
    4.6000 !p(trip2)
   12.1176 !p(ovun7)
   13.3056 !p(ovun8)
  -70.1292 !p(trip1)
    0.0000 !Lower Taper-radius (swa)
   10.0000 !Upper Taper-radius (swb)
    0.0000 !not used
   33.8667 !p(val7)
    6.0891 !p(lp1)
    1.0563 !p(val9)
    2.0384 !p(val10)
    6.1431 !not used
    6.9290 !p(pen2)
    0.3989 !p(pen3)
    3.9954 !p(pen4)
    0.0000 !not used
    5.7796 !p(tor2)
   10.0000 !p(tor3)
    1.9487 !p(tor4)
    0.0000 !not used
    2.1645 !p(cot2)
    1.5591 !p(vdW1)
    0.1000 !Cutoff for bond order*100 (cutoff)
    2.1365 !p(coa4)
    0.6991 !p(ovun4)
   50.0000 !p(ovun3)
    1.8512 !p(val8)
    0.0000 !not used
    0.0000 !not used
    0.0000 !not used
    0.0000 !not used
    2.6962 !p(coa3)
  3    ! Nr of atoms; atomID;ro(sigma); Val;atom mass;Rvdw;Dij;gamma;ro(pi);Val(e)
            alfa;gamma(w);Val(angle);p(ovun5);n.u.;chiEEM;etaEEM;n.u.
            ro(pipi);p(lp2);Heat increment;p(boc4);p(boc3);p(boc5),n.u.;n.u.
            p(ovun2);p(val3);n.u.;Val(boc);p(val5);n.u.;n.u.;n.u.
 C    1.3825   4.0000  12.0000   1.9133   0.1853   0.9000   1.1359   4.0000
      9.7602   2.1346   4.0000  33.2433  79.5548   5.8678   7.0000   0.0000
      1.2104   0.0000 199.0303   8.6991  34.7289  13.3894   0.8563   0.0000
     -2.8983   2.5000   1.0564   4.0000   2.9663   0.0000   0.0000   0.0000
 H    0.7853   1.0000   1.0080   1.5904   0.0419   1.0206  -0.1000   1.0000
      9.3557   5.0518   1.0000   0.0000 121.1250   5.3200   7.4366   1.0000
     -0.1000   0.0000  62.4879   1.9771   3.3517   0.7571   1.0698   0.0000
    -15.7683   2.1488   1.0338   1.0000   2.8793   0.0000   0.0000   0.0000
 O    1.2477   2.0000  15.9990   1.9236   0.0904   1.0503   1.0863   6.0000
     10.2127   7.7719   4.0000  36.9573 116.0768   8.5000   8.9989   2.0000
      0.9088   1.0003  60.8726  20.4140   3.3754   0.2702   0.9745   0.0000
     -3.6141   2.7025   1.0493   4.0000   2.9225   0.0000   0.0000   0.0000
